<?xml version="1.0" encoding="UTF-8"?>
<coverage generated="1545328395685" clover="3.2.0">
  <project timestamp="1545328395685" name="All files">
    <metrics statements="97" coveredstatements="95" conditionals="27" coveredconditionals="18" methods="62" coveredmethods="59" elements="186" coveredelements="172" complexity="0" loc="97" ncloc="97" packages="5" files="8" classes="8">
      <package name="src">
        <metrics statements="3" coveredstatements="3" conditionals="0" coveredconditionals="0" methods="2" coveredmethods="1"/>
        <file name="App.jsx" path="/Users/andeladeveloper/projects/grocery-store/web/src/App.jsx">
          <metrics statements="3" coveredstatements="3" conditionals="0" coveredconditionals="0" methods="2" coveredmethods="1"/>
          <line num="14" count="1" type="stmt"/>
          <line num="20" count="1" type="stmt"/>
          <line num="33" count="1" type="stmt"/>
        </file>
      </package>
      <package name="src.actions">
        <metrics statements="25" coveredstatements="25" conditionals="0" coveredconditionals="0" methods="30" coveredmethods="30"/>
        <file name="grocery.js" path="/Users/andeladeveloper/projects/grocery-store/web/src/actions/grocery.js">
          <metrics statements="25" coveredstatements="25" conditionals="0" coveredconditionals="0" methods="30" coveredmethods="30"/>
          <line num="15" count="3" type="stmt"/>
          <line num="16" count="3" type="stmt"/>
          <line num="17" count="3" type="stmt"/>
          <line num="18" count="3" type="stmt"/>
          <line num="19" count="3" type="stmt"/>
          <line num="20" count="3" type="stmt"/>
          <line num="21" count="3" type="stmt"/>
          <line num="22" count="3" type="stmt"/>
          <line num="23" count="3" type="stmt"/>
          <line num="25" count="3" type="stmt"/>
          <line num="27" count="3" type="stmt"/>
          <line num="30" count="1" type="stmt"/>
          <line num="32" count="1" type="stmt"/>
          <line num="34" count="3" type="stmt"/>
          <line num="36" count="1" type="stmt"/>
          <line num="37" count="1" type="stmt"/>
          <line num="39" count="3" type="stmt"/>
          <line num="40" count="1" type="stmt"/>
          <line num="43" count="3" type="stmt"/>
          <line num="44" count="2" type="stmt"/>
          <line num="45" count="2" type="stmt"/>
          <line num="47" count="2" type="stmt"/>
          <line num="49" count="1" type="stmt"/>
          <line num="50" count="1" type="stmt"/>
          <line num="53" count="3" type="stmt"/>
        </file>
      </package>
      <package name="src.components.container">
        <metrics statements="23" coveredstatements="23" conditionals="6" coveredconditionals="3" methods="12" coveredmethods="12"/>
        <file name="GroceryItem.jsx" path="/Users/andeladeveloper/projects/grocery-store/web/src/components/container/GroceryItem.jsx">
          <metrics statements="9" coveredstatements="9" conditionals="2" coveredconditionals="1" methods="7" coveredmethods="7"/>
          <line num="5" count="4" type="stmt"/>
          <line num="8" count="2" type="stmt"/>
          <line num="17" count="1" type="stmt"/>
          <line num="18" count="1" type="stmt"/>
          <line num="27" count="1" type="stmt"/>
          <line num="28" count="1" type="stmt"/>
          <line num="37" count="1" type="stmt"/>
          <line num="38" count="1" type="stmt"/>
          <line num="49" count="4" type="stmt"/>
        </file>
        <file name="GroceryItems.jsx" path="/Users/andeladeveloper/projects/grocery-store/web/src/components/container/GroceryItems.jsx">
          <metrics statements="4" coveredstatements="4" conditionals="0" coveredconditionals="0" methods="2" coveredmethods="2"/>
          <line num="5" count="3" type="stmt"/>
          <line num="8" count="1" type="stmt"/>
          <line num="11" count="1" type="stmt"/>
          <line num="23" count="3" type="stmt"/>
        </file>
        <file name="NavigationBar.jsx" path="/Users/andeladeveloper/projects/grocery-store/web/src/components/container/NavigationBar.jsx">
          <metrics statements="1" coveredstatements="1" conditionals="0" coveredconditionals="0" methods="1" coveredmethods="1"/>
          <line num="5" count="1" type="stmt"/>
        </file>
        <file name="TransactionSummary.jsx" path="/Users/andeladeveloper/projects/grocery-store/web/src/components/container/TransactionSummary.jsx">
          <metrics statements="9" coveredstatements="9" conditionals="4" coveredconditionals="2" methods="2" coveredmethods="2"/>
          <line num="3" count="3" type="stmt"/>
          <line num="4" count="1" type="stmt"/>
          <line num="5" count="1" type="stmt"/>
          <line num="7" count="1" type="stmt"/>
          <line num="8" count="1" type="cond" truecount="1" falsecount="1"/>
          <line num="9" count="1" type="stmt"/>
          <line num="10" count="1" type="stmt"/>
          <line num="14" count="1" type="stmt"/>
          <line num="30" count="3" type="stmt"/>
        </file>
      </package>
      <package name="src.components.pages">
        <metrics statements="23" coveredstatements="21" conditionals="10" coveredconditionals="6" methods="12" coveredmethods="10"/>
        <file name="Groceries.jsx" path="/Users/andeladeveloper/projects/grocery-store/web/src/components/pages/Groceries.jsx">
          <metrics statements="23" coveredstatements="21" conditionals="10" coveredconditionals="6" methods="12" coveredmethods="10"/>
          <line num="28" count="1" type="stmt"/>
          <line num="29" count="1" type="stmt"/>
          <line num="33" count="4" type="stmt"/>
          <line num="35" count="4" type="cond" truecount="1" falsecount="1"/>
          <line num="36" count="0" type="stmt"/>
          <line num="39" count="4" type="cond" truecount="1" falsecount="1"/>
          <line num="40" count="0" type="stmt"/>
          <line num="45" count="2" type="stmt"/>
          <line num="46" count="2" type="stmt"/>
          <line num="52" count="1" type="stmt"/>
          <line num="53" count="1" type="stmt"/>
          <line num="57" count="2" type="stmt"/>
          <line num="58" count="2" type="stmt"/>
          <line num="59" count="2" type="stmt"/>
          <line num="61" count="2" type="cond" truecount="2" falsecount="0"/>
          <line num="65" count="1" type="stmt"/>
          <line num="69" count="1" type="stmt"/>
          <line num="73" count="1" type="stmt"/>
          <line num="74" count="1" type="stmt"/>
          <line num="78" count="5" type="stmt"/>
          <line num="79" count="5" type="stmt"/>
          <line num="81" count="5" type="stmt"/>
          <line num="110" count="2" type="stmt"/>
        </file>
      </package>
      <package name="src.reducers">
        <metrics statements="23" coveredstatements="23" conditionals="11" coveredconditionals="9" methods="6" coveredmethods="6"/>
        <file name="grocery.js" path="/Users/andeladeveloper/projects/grocery-store/web/src/reducers/grocery.js">
          <metrics statements="23" coveredstatements="23" conditionals="11" coveredconditionals="9" methods="6" coveredmethods="6"/>
          <line num="13" count="2" type="stmt"/>
          <line num="15" count="1" type="stmt"/>
          <line num="16" count="1" type="stmt"/>
          <line num="17" count="1" type="stmt"/>
          <line num="18" count="1" type="stmt"/>
          <line num="21" count="1" type="stmt"/>
          <line num="22" count="1" type="stmt"/>
          <line num="24" count="1" type="stmt"/>
          <line num="25" count="1" type="stmt"/>
          <line num="27" count="1" type="stmt"/>
          <line num="28" count="1" type="stmt"/>
          <line num="29" count="1" type="stmt"/>
          <line num="33" count="8" type="stmt"/>
          <line num="34" count="8" type="stmt"/>
          <line num="36" count="8" type="cond" truecount="8" falsecount="2"/>
          <line num="38" count="1" type="stmt"/>
          <line num="40" count="1" type="stmt"/>
          <line num="42" count="1" type="stmt"/>
          <line num="44" count="1" type="stmt"/>
          <line num="46" count="1" type="stmt"/>
          <line num="50" count="1" type="stmt"/>
          <line num="52" count="1" type="stmt"/>
          <line num="54" count="1" type="stmt"/>
        </file>
      </package>
    </metrics>
  </project>
</coverage>
