{"/Users/andeladeveloper/projects/grocery-store/web/src/App.jsx": {"path":"/Users/andeladeveloper/projects/grocery-store/web/src/App.jsx","statementMap":{"0":{"start":{"line":14,"column":0},"end":{"line":14,"column":107}},"1":{"start":{"line":20,"column":4},"end":{"line":29,"column":6}},"2":{"start":{"line":33,"column":24},"end":{"line":33,"column":34}},"3":{"start":{"line":33,"column":31},"end":{"line":33,"column":33}}},"fnMap":{"0":{"name":"(anonymous_0)","decl":{"start":{"line":19,"column":2},"end":{"line":19,"column":3}},"loc":{"start":{"line":19,"column":11},"end":{"line":30,"column":3}},"line":19},"1":{"name":"(anonymous_1)","decl":{"start":{"line":33,"column":24},"end":{"line":33,"column":25}},"loc":{"start":{"line":33,"column":31},"end":{"line":33,"column":33}},"line":33}},"branchMap":{},"s":{"0":1,"1":1,"2":1,"3":0},"f":{"0":1,"1":0},"b":{},"_coverageSchema":"332fd63041d2c1bcb487cc26dd0d5f7d97098a6c","hash":"083b1be71e03edd3fa97ad3831c4d49674960b9b"}
,"/Users/andeladeveloper/projects/grocery-store/web/src/actions/grocery.js": {"path":"/Users/andeladeveloper/projects/grocery-store/web/src/actions/grocery.js","statementMap":{"0":{"start":{"line":15,"column":22},"end":{"line":15,"column":65}},"1":{"start":{"line":15,"column":32},"end":{"line":15,"column":64}},"2":{"start":{"line":16,"column":19},"end":{"line":16,"column":57}},"3":{"start":{"line":16,"column":28},"end":{"line":16,"column":56}},"4":{"start":{"line":17,"column":26},"end":{"line":17,"column":74}},"5":{"start":{"line":17,"column":36},"end":{"line":17,"column":73}},"6":{"start":{"line":18,"column":19},"end":{"line":18,"column":64}},"7":{"start":{"line":18,"column":28},"end":{"line":18,"column":63}},"8":{"start":{"line":19,"column":14},"end":{"line":19,"column":51}},"9":{"start":{"line":19,"column":21},"end":{"line":19,"column":50}},"10":{"start":{"line":20,"column":21},"end":{"line":20,"column":58}},"11":{"start":{"line":20,"column":30},"end":{"line":20,"column":57}},"12":{"start":{"line":21,"column":26},"end":{"line":21,"column":73}},"13":{"start":{"line":21,"column":36},"end":{"line":21,"column":72}},"14":{"start":{"line":22,"column":20},"end":{"line":22,"column":61}},"15":{"start":{"line":22,"column":31},"end":{"line":22,"column":60}},"16":{"start":{"line":23,"column":25},"end":{"line":23,"column":70}},"17":{"start":{"line":23,"column":35},"end":{"line":23,"column":69}},"18":{"start":{"line":25,"column":27},"end":{"line":25,"column":139}},"19":{"start":{"line":25,"column":33},"end":{"line":25,"column":139}},"20":{"start":{"line":25,"column":45},"end":{"line":25,"column":139}},"21":{"start":{"line":25,"column":108},"end":{"line":25,"column":138}},"22":{"start":{"line":27,"column":23},"end":{"line":32,"column":83}},"23":{"start":{"line":27,"column":31},"end":{"line":32,"column":83}},"24":{"start":{"line":27,"column":43},"end":{"line":32,"column":83}},"25":{"start":{"line":30,"column":4},"end":{"line":30,"column":31}},"26":{"start":{"line":32,"column":48},"end":{"line":32,"column":82}},"27":{"start":{"line":34,"column":26},"end":{"line":37,"column":83}},"28":{"start":{"line":34,"column":34},"end":{"line":37,"column":83}},"29":{"start":{"line":34,"column":46},"end":{"line":37,"column":83}},"30":{"start":{"line":36,"column":14},"end":{"line":36,"column":42}},"31":{"start":{"line":37,"column":48},"end":{"line":37,"column":82}},"32":{"start":{"line":39,"column":26},"end":{"line":41,"column":2}},"33":{"start":{"line":39,"column":36},"end":{"line":41,"column":2}},"34":{"start":{"line":39,"column":48},"end":{"line":41,"column":2}},"35":{"start":{"line":40,"column":2},"end":{"line":40,"column":29}},"36":{"start":{"line":43,"column":25},"end":{"line":51,"column":1}},"37":{"start":{"line":43,"column":35},"end":{"line":51,"column":1}},"38":{"start":{"line":44,"column":20},"end":{"line":44,"column":38}},"39":{"start":{"line":45,"column":15},"end":{"line":45,"column":54}},"40":{"start":{"line":45,"column":34},"end":{"line":45,"column":53}},"41":{"start":{"line":47,"column":2},"end":{"line":50,"column":85}},"42":{"start":{"line":49,"column":16},"end":{"line":49,"column":45}},"43":{"start":{"line":50,"column":50},"end":{"line":50,"column":83}},"44":{"start":{"line":53,"column":33},"end":{"line":53,"column":68}},"45":{"start":{"line":53,"column":39},"end":{"line":53,"column":68}},"46":{"start":{"line":53,"column":51},"end":{"line":53,"column":68}}},"fnMap":{"0":{"name":"(anonymous_0)","decl":{"start":{"line":15,"column":22},"end":{"line":15,"column":23}},"loc":{"start":{"line":15,"column":32},"end":{"line":15,"column":64}},"line":15},"1":{"name":"(anonymous_1)","decl":{"start":{"line":16,"column":19},"end":{"line":16,"column":20}},"loc":{"start":{"line":16,"column":28},"end":{"line":16,"column":56}},"line":16},"2":{"name":"(anonymous_2)","decl":{"start":{"line":17,"column":26},"end":{"line":17,"column":27}},"loc":{"start":{"line":17,"column":36},"end":{"line":17,"column":73}},"line":17},"3":{"name":"(anonymous_3)","decl":{"start":{"line":18,"column":19},"end":{"line":18,"column":20}},"loc":{"start":{"line":18,"column":28},"end":{"line":18,"column":63}},"line":18},"4":{"name":"(anonymous_4)","decl":{"start":{"line":19,"column":14},"end":{"line":19,"column":15}},"loc":{"start":{"line":19,"column":21},"end":{"line":19,"column":50}},"line":19},"5":{"name":"(anonymous_5)","decl":{"start":{"line":20,"column":21},"end":{"line":20,"column":22}},"loc":{"start":{"line":20,"column":30},"end":{"line":20,"column":57}},"line":20},"6":{"name":"(anonymous_6)","decl":{"start":{"line":21,"column":26},"end":{"line":21,"column":27}},"loc":{"start":{"line":21,"column":36},"end":{"line":21,"column":72}},"line":21},"7":{"name":"(anonymous_7)","decl":{"start":{"line":22,"column":20},"end":{"line":22,"column":21}},"loc":{"start":{"line":22,"column":31},"end":{"line":22,"column":60}},"line":22},"8":{"name":"(anonymous_8)","decl":{"start":{"line":23,"column":25},"end":{"line":23,"column":26}},"loc":{"start":{"line":23,"column":35},"end":{"line":23,"column":69}},"line":23},"9":{"name":"(anonymous_9)","decl":{"start":{"line":25,"column":27},"end":{"line":25,"column":28}},"loc":{"start":{"line":25,"column":33},"end":{"line":25,"column":139}},"line":25},"10":{"name":"(anonymous_10)","decl":{"start":{"line":25,"column":33},"end":{"line":25,"column":34}},"loc":{"start":{"line":25,"column":45},"end":{"line":25,"column":139}},"line":25},"11":{"name":"(anonymous_11)","decl":{"start":{"line":25,"column":83},"end":{"line":25,"column":84}},"loc":{"start":{"line":25,"column":108},"end":{"line":25,"column":138}},"line":25},"12":{"name":"(anonymous_12)","decl":{"start":{"line":27,"column":23},"end":{"line":27,"column":24}},"loc":{"start":{"line":27,"column":31},"end":{"line":32,"column":83}},"line":27},"13":{"name":"(anonymous_13)","decl":{"start":{"line":27,"column":31},"end":{"line":27,"column":32}},"loc":{"start":{"line":27,"column":43},"end":{"line":32,"column":83}},"line":27},"14":{"name":"(anonymous_14)","decl":{"start":{"line":29,"column":8},"end":{"line":29,"column":9}},"loc":{"start":{"line":29,"column":22},"end":{"line":31,"column":3}},"line":29},"15":{"name":"(anonymous_15)","decl":{"start":{"line":32,"column":9},"end":{"line":32,"column":10}},"loc":{"start":{"line":32,"column":48},"end":{"line":32,"column":82}},"line":32},"16":{"name":"(anonymous_16)","decl":{"start":{"line":34,"column":26},"end":{"line":34,"column":27}},"loc":{"start":{"line":34,"column":34},"end":{"line":37,"column":83}},"line":34},"17":{"name":"(anonymous_17)","decl":{"start":{"line":34,"column":34},"end":{"line":34,"column":35}},"loc":{"start":{"line":34,"column":46},"end":{"line":37,"column":83}},"line":34},"18":{"name":"(anonymous_18)","decl":{"start":{"line":36,"column":8},"end":{"line":36,"column":9}},"loc":{"start":{"line":36,"column":14},"end":{"line":36,"column":42}},"line":36},"19":{"name":"(anonymous_19)","decl":{"start":{"line":37,"column":9},"end":{"line":37,"column":10}},"loc":{"start":{"line":37,"column":48},"end":{"line":37,"column":82}},"line":37},"20":{"name":"(anonymous_20)","decl":{"start":{"line":39,"column":26},"end":{"line":39,"column":27}},"loc":{"start":{"line":39,"column":36},"end":{"line":41,"column":2}},"line":39},"21":{"name":"(anonymous_21)","decl":{"start":{"line":39,"column":36},"end":{"line":39,"column":37}},"loc":{"start":{"line":39,"column":48},"end":{"line":41,"column":2}},"line":39},"22":{"name":"(anonymous_22)","decl":{"start":{"line":39,"column":99},"end":{"line":39,"column":100}},"loc":{"start":{"line":39,"column":133},"end":{"line":41,"column":1}},"line":39},"23":{"name":"(anonymous_23)","decl":{"start":{"line":43,"column":25},"end":{"line":43,"column":26}},"loc":{"start":{"line":43,"column":35},"end":{"line":51,"column":1}},"line":43},"24":{"name":"(anonymous_24)","decl":{"start":{"line":43,"column":35},"end":{"line":43,"column":36}},"loc":{"start":{"line":43,"column":59},"end":{"line":51,"column":1}},"line":43},"25":{"name":"(anonymous_25)","decl":{"start":{"line":45,"column":26},"end":{"line":45,"column":27}},"loc":{"start":{"line":45,"column":34},"end":{"line":45,"column":53}},"line":45},"26":{"name":"(anonymous_26)","decl":{"start":{"line":49,"column":10},"end":{"line":49,"column":11}},"loc":{"start":{"line":49,"column":16},"end":{"line":49,"column":45}},"line":49},"27":{"name":"(anonymous_27)","decl":{"start":{"line":50,"column":11},"end":{"line":50,"column":12}},"loc":{"start":{"line":50,"column":50},"end":{"line":50,"column":83}},"line":50},"28":{"name":"(anonymous_28)","decl":{"start":{"line":53,"column":33},"end":{"line":53,"column":34}},"loc":{"start":{"line":53,"column":39},"end":{"line":53,"column":68}},"line":53},"29":{"name":"(anonymous_29)","decl":{"start":{"line":53,"column":39},"end":{"line":53,"column":40}},"loc":{"start":{"line":53,"column":51},"end":{"line":53,"column":68}},"line":53}},"branchMap":{},"s":{"0":3,"1":1,"2":3,"3":1,"4":3,"5":1,"6":3,"7":1,"8":3,"9":1,"10":3,"11":1,"12":3,"13":1,"14":3,"15":1,"16":3,"17":1,"18":3,"19":1,"20":1,"21":1,"22":3,"23":2,"24":2,"25":1,"26":1,"27":3,"28":2,"29":2,"30":1,"31":1,"32":3,"33":1,"34":1,"35":1,"36":3,"37":2,"38":2,"39":2,"40":2,"41":2,"42":1,"43":1,"44":3,"45":1,"46":1},"f":{"0":1,"1":1,"2":1,"3":1,"4":1,"5":1,"6":1,"7":1,"8":1,"9":1,"10":1,"11":1,"12":2,"13":2,"14":1,"15":1,"16":2,"17":2,"18":1,"19":1,"20":1,"21":1,"22":1,"23":2,"24":2,"25":2,"26":1,"27":1,"28":1,"29":1},"b":{},"_coverageSchema":"332fd63041d2c1bcb487cc26dd0d5f7d97098a6c","hash":"54e855b5e6658b3ee911408a7d7756dbe4ee5b1b"}
,"/Users/andeladeveloper/projects/grocery-store/web/src/components/container/GroceryItem.jsx": {"path":"/Users/andeladeveloper/projects/grocery-store/web/src/components/container/GroceryItem.jsx","statementMap":{"0":{"start":{"line":5,"column":16},"end":{"line":47,"column":1}},"1":{"start":{"line":8,"column":2},"end":{"line":46,"column":8}},"2":{"start":{"line":17,"column":23},"end":{"line":17,"column":46}},"3":{"start":{"line":18,"column":23},"end":{"line":18,"column":46}},"4":{"start":{"line":27,"column":23},"end":{"line":27,"column":44}},"5":{"start":{"line":28,"column":23},"end":{"line":28,"column":44}},"6":{"start":{"line":37,"column":23},"end":{"line":37,"column":45}},"7":{"start":{"line":38,"column":23},"end":{"line":38,"column":45}},"8":{"start":{"line":49,"column":0},"end":{"line":58,"column":2}}},"fnMap":{"0":{"name":"(anonymous_0)","decl":{"start":{"line":5,"column":16},"end":{"line":5,"column":17}},"loc":{"start":{"line":8,"column":2},"end":{"line":46,"column":8}},"line":8},"1":{"name":"(anonymous_1)","decl":{"start":{"line":17,"column":17},"end":{"line":17,"column":18}},"loc":{"start":{"line":17,"column":23},"end":{"line":17,"column":46}},"line":17},"2":{"name":"(anonymous_2)","decl":{"start":{"line":18,"column":17},"end":{"line":18,"column":18}},"loc":{"start":{"line":18,"column":23},"end":{"line":18,"column":46}},"line":18},"3":{"name":"(anonymous_3)","decl":{"start":{"line":27,"column":17},"end":{"line":27,"column":18}},"loc":{"start":{"line":27,"column":23},"end":{"line":27,"column":44}},"line":27},"4":{"name":"(anonymous_4)","decl":{"start":{"line":28,"column":17},"end":{"line":28,"column":18}},"loc":{"start":{"line":28,"column":23},"end":{"line":28,"column":44}},"line":28},"5":{"name":"(anonymous_5)","decl":{"start":{"line":37,"column":17},"end":{"line":37,"column":18}},"loc":{"start":{"line":37,"column":23},"end":{"line":37,"column":45}},"line":37},"6":{"name":"(anonymous_6)","decl":{"start":{"line":38,"column":17},"end":{"line":38,"column":18}},"loc":{"start":{"line":38,"column":23},"end":{"line":38,"column":45}},"line":38}},"branchMap":{"0":{"loc":{"start":{"line":43,"column":14},"end":{"line":43,"column":63}},"type":"cond-expr","locations":[{"start":{"line":43,"column":34},"end":{"line":43,"column":45}},{"start":{"line":43,"column":48},"end":{"line":43,"column":63}}],"line":43}},"s":{"0":4,"1":2,"2":1,"3":1,"4":1,"5":1,"6":1,"7":1,"8":4},"f":{"0":2,"1":1,"2":1,"3":1,"4":1,"5":1,"6":1},"b":{"0":[0,2]},"_coverageSchema":"332fd63041d2c1bcb487cc26dd0d5f7d97098a6c","hash":"22605f3dc1d629fc901984f394824756c49bdb67"}
,"/Users/andeladeveloper/projects/grocery-store/web/src/components/container/GroceryItems.jsx": {"path":"/Users/andeladeveloper/projects/grocery-store/web/src/components/container/GroceryItems.jsx","statementMap":{"0":{"start":{"line":5,"column":21},"end":{"line":21,"column":9}},"1":{"start":{"line":8,"column":2},"end":{"line":21,"column":8}},"2":{"start":{"line":11,"column":8},"end":{"line":17,"column":10}},"3":{"start":{"line":23,"column":0},"end":{"line":33,"column":2}}},"fnMap":{"0":{"name":"(anonymous_0)","decl":{"start":{"line":5,"column":21},"end":{"line":5,"column":22}},"loc":{"start":{"line":8,"column":2},"end":{"line":21,"column":8}},"line":8},"1":{"name":"(anonymous_1)","decl":{"start":{"line":10,"column":21},"end":{"line":10,"column":22}},"loc":{"start":{"line":11,"column":8},"end":{"line":17,"column":10}},"line":11}},"branchMap":{},"s":{"0":3,"1":1,"2":1,"3":3},"f":{"0":1,"1":1},"b":{},"_coverageSchema":"332fd63041d2c1bcb487cc26dd0d5f7d97098a6c","hash":"b58bf853aee6b781149053c4329ad5ddaa0614cb"}
,"/Users/andeladeveloper/projects/grocery-store/web/src/components/container/NavigationBar.jsx": {"path":"/Users/andeladeveloper/projects/grocery-store/web/src/components/container/NavigationBar.jsx","statementMap":{"0":{"start":{"line":5,"column":2},"end":{"line":24,"column":8}}},"fnMap":{"0":{"name":"(anonymous_0)","decl":{"start":{"line":4,"column":15},"end":{"line":4,"column":16}},"loc":{"start":{"line":5,"column":2},"end":{"line":24,"column":8}},"line":5}},"branchMap":{},"s":{"0":1},"f":{"0":1},"b":{},"_coverageSchema":"332fd63041d2c1bcb487cc26dd0d5f7d97098a6c","hash":"b4e3c232add4f4eef815c804dab2db766a79b879"}
,"/Users/andeladeveloper/projects/grocery-store/web/src/components/container/TransactionSummary.jsx": {"path":"/Users/andeladeveloper/projects/grocery-store/web/src/components/container/TransactionSummary.jsx","statementMap":{"0":{"start":{"line":3,"column":27},"end":{"line":28,"column":1}},"1":{"start":{"line":4,"column":18},"end":{"line":4,"column":19}},"2":{"start":{"line":5,"column":20},"end":{"line":5,"column":21}},"3":{"start":{"line":7,"column":2},"end":{"line":12,"column":5}},"4":{"start":{"line":8,"column":4},"end":{"line":11,"column":5}},"5":{"start":{"line":9,"column":6},"end":{"line":9,"column":21}},"6":{"start":{"line":10,"column":6},"end":{"line":10,"column":34}},"7":{"start":{"line":14,"column":2},"end":{"line":27,"column":4}},"8":{"start":{"line":30,"column":0},"end":{"line":30,"column":34}}},"fnMap":{"0":{"name":"(anonymous_0)","decl":{"start":{"line":3,"column":27},"end":{"line":3,"column":28}},"loc":{"start":{"line":3,"column":42},"end":{"line":28,"column":1}},"line":3},"1":{"name":"(anonymous_1)","decl":{"start":{"line":7,"column":16},"end":{"line":7,"column":17}},"loc":{"start":{"line":7,"column":26},"end":{"line":12,"column":3}},"line":7}},"branchMap":{"0":{"loc":{"start":{"line":8,"column":4},"end":{"line":11,"column":5}},"type":"if","locations":[{"start":{"line":8,"column":4},"end":{"line":11,"column":5}},{"start":{"line":8,"column":4},"end":{"line":11,"column":5}}],"line":8},"1":{"loc":{"start":{"line":17,"column":7},"end":{"line":17,"column":30}},"type":"binary-expr","locations":[{"start":{"line":17,"column":7},"end":{"line":17,"column":23}},{"start":{"line":17,"column":27},"end":{"line":17,"column":30}}],"line":17}},"s":{"0":3,"1":1,"2":1,"3":1,"4":1,"5":1,"6":1,"7":1,"8":3},"f":{"0":1,"1":1},"b":{"0":[1,0],"1":[1,0]},"_coverageSchema":"332fd63041d2c1bcb487cc26dd0d5f7d97098a6c","hash":"a266f97ef96766f4880baa5922d5038c700b780c"}
,"/Users/andeladeveloper/projects/grocery-store/web/src/components/pages/Groceries.jsx": {"path":"/Users/andeladeveloper/projects/grocery-store/web/src/components/pages/Groceries.jsx","statementMap":{"0":{"start":{"line":28,"column":28},"end":{"line":28,"column":38}},"1":{"start":{"line":29,"column":4},"end":{"line":29,"column":18}},"2":{"start":{"line":33,"column":47},"end":{"line":33,"column":57}},"3":{"start":{"line":35,"column":4},"end":{"line":37,"column":5}},"4":{"start":{"line":36,"column":6},"end":{"line":36,"column":58}},"5":{"start":{"line":39,"column":4},"end":{"line":41,"column":5}},"6":{"start":{"line":40,"column":6},"end":{"line":40,"column":81}},"7":{"start":{"line":40,"column":27},"end":{"line":40,"column":59}},"8":{"start":{"line":45,"column":28},"end":{"line":45,"column":40}},"9":{"start":{"line":46,"column":4},"end":{"line":48,"column":8}},"10":{"start":{"line":46,"column":32},"end":{"line":48,"column":5}},"11":{"start":{"line":52,"column":27},"end":{"line":52,"column":37}},"12":{"start":{"line":53,"column":4},"end":{"line":53,"column":23}},"13":{"start":{"line":57,"column":4},"end":{"line":57,"column":27}},"14":{"start":{"line":58,"column":36},"end":{"line":58,"column":46}},"15":{"start":{"line":59,"column":35},"end":{"line":59,"column":45}},"16":{"start":{"line":61,"column":4},"end":{"line":61,"column":63}},"17":{"start":{"line":65,"column":4},"end":{"line":65,"column":76}},"18":{"start":{"line":69,"column":4},"end":{"line":69,"column":70}},"19":{"start":{"line":73,"column":26},"end":{"line":73,"column":36}},"20":{"start":{"line":74,"column":4},"end":{"line":74,"column":22}},"21":{"start":{"line":78,"column":43},"end":{"line":78,"column":53}},"22":{"start":{"line":79,"column":22},"end":{"line":79,"column":32}},"23":{"start":{"line":81,"column":4},"end":{"line":106,"column":6}},"24":{"start":{"line":110,"column":24},"end":{"line":110,"column":89}},"25":{"start":{"line":110,"column":66},"end":{"line":110,"column":88}}},"fnMap":{"0":{"name":"(anonymous_0)","decl":{"start":{"line":27,"column":2},"end":{"line":27,"column":3}},"loc":{"start":{"line":27,"column":22},"end":{"line":30,"column":3}},"line":27},"1":{"name":"(anonymous_1)","decl":{"start":{"line":32,"column":2},"end":{"line":32,"column":3}},"loc":{"start":{"line":32,"column":23},"end":{"line":42,"column":3}},"line":32},"2":{"name":"(anonymous_2)","decl":{"start":{"line":40,"column":20},"end":{"line":40,"column":21}},"loc":{"start":{"line":40,"column":27},"end":{"line":40,"column":59}},"line":40},"3":{"name":"(anonymous_3)","decl":{"start":{"line":44,"column":22},"end":{"line":44,"column":23}},"loc":{"start":{"line":44,"column":33},"end":{"line":49,"column":3}},"line":44},"4":{"name":"(anonymous_4)","decl":{"start":{"line":46,"column":18},"end":{"line":46,"column":19}},"loc":{"start":{"line":46,"column":32},"end":{"line":48,"column":5}},"line":46},"5":{"name":"(anonymous_5)","decl":{"start":{"line":51,"column":17},"end":{"line":51,"column":18}},"loc":{"start":{"line":51,"column":29},"end":{"line":54,"column":3}},"line":51},"6":{"name":"(anonymous_6)","decl":{"start":{"line":56,"column":17},"end":{"line":56,"column":18}},"loc":{"start":{"line":56,"column":28},"end":{"line":62,"column":3}},"line":56},"7":{"name":"(anonymous_7)","decl":{"start":{"line":64,"column":19},"end":{"line":64,"column":20}},"loc":{"start":{"line":64,"column":32},"end":{"line":66,"column":3}},"line":64},"8":{"name":"(anonymous_8)","decl":{"start":{"line":68,"column":18},"end":{"line":68,"column":19}},"loc":{"start":{"line":68,"column":24},"end":{"line":70,"column":3}},"line":68},"9":{"name":"(anonymous_9)","decl":{"start":{"line":72,"column":14},"end":{"line":72,"column":15}},"loc":{"start":{"line":72,"column":26},"end":{"line":75,"column":3}},"line":72},"10":{"name":"(anonymous_10)","decl":{"start":{"line":77,"column":2},"end":{"line":77,"column":3}},"loc":{"start":{"line":77,"column":11},"end":{"line":107,"column":3}},"line":77},"11":{"name":"(anonymous_11)","decl":{"start":{"line":110,"column":24},"end":{"line":110,"column":25}},"loc":{"start":{"line":110,"column":66},"end":{"line":110,"column":88}},"line":110}},"branchMap":{"0":{"loc":{"start":{"line":35,"column":4},"end":{"line":37,"column":5}},"type":"if","locations":[{"start":{"line":35,"column":4},"end":{"line":37,"column":5}},{"start":{"line":35,"column":4},"end":{"line":37,"column":5}}],"line":35},"1":{"loc":{"start":{"line":39,"column":4},"end":{"line":41,"column":5}},"type":"if","locations":[{"start":{"line":39,"column":4},"end":{"line":41,"column":5}},{"start":{"line":39,"column":4},"end":{"line":41,"column":5}}],"line":39},"2":{"loc":{"start":{"line":61,"column":11},"end":{"line":61,"column":62}},"type":"cond-expr","locations":[{"start":{"line":61,"column":24},"end":{"line":61,"column":40}},{"start":{"line":61,"column":43},"end":{"line":61,"column":62}}],"line":61},"3":{"loc":{"start":{"line":86,"column":39},"end":{"line":86,"column":50}},"type":"binary-expr","locations":[{"start":{"line":86,"column":39},"end":{"line":86,"column":44}},{"start":{"line":86,"column":48},"end":{"line":86,"column":50}}],"line":86},"4":{"loc":{"start":{"line":88,"column":25},"end":{"line":88,"column":36}},"type":"binary-expr","locations":[{"start":{"line":88,"column":25},"end":{"line":88,"column":30}},{"start":{"line":88,"column":34},"end":{"line":88,"column":36}}],"line":88}},"s":{"0":1,"1":1,"2":4,"3":4,"4":0,"5":4,"6":0,"7":0,"8":2,"9":2,"10":2,"11":1,"12":1,"13":2,"14":2,"15":2,"16":2,"17":1,"18":1,"19":1,"20":1,"21":5,"22":5,"23":5,"24":2,"25":0},"f":{"0":1,"1":4,"2":0,"3":2,"4":2,"5":1,"6":2,"7":1,"8":1,"9":1,"10":5,"11":0},"b":{"0":[0,4],"1":[0,4],"2":[1,1],"3":[5,0],"4":[5,0]},"_coverageSchema":"332fd63041d2c1bcb487cc26dd0d5f7d97098a6c","hash":"fbe7c64ada31ef47cdb30340ab0a30f5cbca99f1"}
,"/Users/andeladeveloper/projects/grocery-store/web/src/reducers/grocery.js": {"path":"/Users/andeladeveloper/projects/grocery-store/web/src/reducers/grocery.js","statementMap":{"0":{"start":{"line":13,"column":18},"end":{"line":13,"column":81}},"1":{"start":{"line":13,"column":37},"end":{"line":13,"column":81}},"2":{"start":{"line":13,"column":61},"end":{"line":13,"column":80}},"3":{"start":{"line":15,"column":19},"end":{"line":19,"column":1}},"4":{"start":{"line":16,"column":19},"end":{"line":16,"column":29}},"5":{"start":{"line":17,"column":2},"end":{"line":17,"column":52}},"6":{"start":{"line":18,"column":2},"end":{"line":18,"column":18}},"7":{"start":{"line":21,"column":21},"end":{"line":30,"column":1}},"8":{"start":{"line":22,"column":19},"end":{"line":22,"column":29}},"9":{"start":{"line":24,"column":20},"end":{"line":24,"column":47}},"10":{"start":{"line":25,"column":15},"end":{"line":25,"column":41}},"11":{"start":{"line":27,"column":2},"end":{"line":27,"column":35}},"12":{"start":{"line":28,"column":2},"end":{"line":28,"column":38}},"13":{"start":{"line":29,"column":2},"end":{"line":29,"column":18}},"14":{"start":{"line":33,"column":19},"end":{"line":33,"column":25}},"15":{"start":{"line":34,"column":20},"end":{"line":34,"column":25}},"16":{"start":{"line":36,"column":2},"end":{"line":55,"column":3}},"17":{"start":{"line":38,"column":6},"end":{"line":38,"column":70}},"18":{"start":{"line":40,"column":6},"end":{"line":40,"column":91}},"19":{"start":{"line":40,"column":65},"end":{"line":40,"column":87}},"20":{"start":{"line":42,"column":6},"end":{"line":42,"column":53}},"21":{"start":{"line":44,"column":6},"end":{"line":44,"column":75}},"22":{"start":{"line":46,"column":6},"end":{"line":46,"column":71}},"23":{"start":{"line":50,"column":6},"end":{"line":50,"column":53}},"24":{"start":{"line":52,"column":6},"end":{"line":52,"column":32}},"25":{"start":{"line":54,"column":6},"end":{"line":54,"column":19}}},"fnMap":{"0":{"name":"(anonymous_0)","decl":{"start":{"line":13,"column":18},"end":{"line":13,"column":19}},"loc":{"start":{"line":13,"column":37},"end":{"line":13,"column":81}},"line":13},"1":{"name":"(anonymous_1)","decl":{"start":{"line":13,"column":53},"end":{"line":13,"column":54}},"loc":{"start":{"line":13,"column":61},"end":{"line":13,"column":80}},"line":13},"2":{"name":"(anonymous_2)","decl":{"start":{"line":15,"column":19},"end":{"line":15,"column":20}},"loc":{"start":{"line":15,"column":39},"end":{"line":19,"column":1}},"line":15},"3":{"name":"(anonymous_3)","decl":{"start":{"line":21,"column":21},"end":{"line":21,"column":22}},"loc":{"start":{"line":21,"column":40},"end":{"line":30,"column":1}},"line":21},"4":{"name":"(anonymous_4)","decl":{"start":{"line":32,"column":15},"end":{"line":32,"column":16}},"loc":{"start":{"line":32,"column":39},"end":{"line":56,"column":1}},"line":32},"5":{"name":"(anonymous_5)","decl":{"start":{"line":40,"column":57},"end":{"line":40,"column":58}},"loc":{"start":{"line":40,"column":65},"end":{"line":40,"column":87}},"line":40}},"branchMap":{"0":{"loc":{"start":{"line":32,"column":16},"end":{"line":32,"column":26}},"type":"default-arg","locations":[{"start":{"line":32,"column":24},"end":{"line":32,"column":26}}],"line":32},"1":{"loc":{"start":{"line":36,"column":2},"end":{"line":55,"column":3}},"type":"switch","locations":[{"start":{"line":37,"column":4},"end":{"line":38,"column":70}},{"start":{"line":39,"column":4},"end":{"line":40,"column":91}},{"start":{"line":41,"column":4},"end":{"line":42,"column":53}},{"start":{"line":43,"column":4},"end":{"line":44,"column":75}},{"start":{"line":45,"column":4},"end":{"line":46,"column":71}},{"start":{"line":47,"column":4},"end":{"line":47,"column":27}},{"start":{"line":48,"column":4},"end":{"line":48,"column":30}},{"start":{"line":49,"column":4},"end":{"line":50,"column":53}},{"start":{"line":51,"column":4},"end":{"line":52,"column":32}},{"start":{"line":53,"column":4},"end":{"line":54,"column":19}}],"line":36}},"s":{"0":1,"1":2,"2":2,"3":1,"4":1,"5":1,"6":1,"7":1,"8":1,"9":1,"10":1,"11":1,"12":1,"13":1,"14":8,"15":8,"16":8,"17":1,"18":1,"19":1,"20":1,"21":1,"22":1,"23":1,"24":1,"25":1},"f":{"0":2,"1":2,"2":1,"3":1,"4":8,"5":1},"b":{"0":[1],"1":[1,1,1,1,1,0,0,1,1,1]},"_coverageSchema":"332fd63041d2c1bcb487cc26dd0d5f7d97098a6c","hash":"e291ed460d35127abf0341c535a3dbbb387a4653"}
}
