TN:
SF:/Users/andeladeveloper/projects/grocery-store/web/src/App.jsx
FN:19,(anonymous_0)
FN:33,(anonymous_1)
FNF:2
FNH:1
FNDA:1,(anonymous_0)
FNDA:0,(anonymous_1)
DA:14,1
DA:20,1
DA:33,1
LF:3
LH:3
BRF:0
BRH:0
end_of_record
TN:
SF:/Users/andeladeveloper/projects/grocery-store/web/src/actions/grocery.js
FN:15,(anonymous_0)
FN:16,(anonymous_1)
FN:17,(anonymous_2)
FN:18,(anonymous_3)
FN:19,(anonymous_4)
FN:20,(anonymous_5)
FN:21,(anonymous_6)
FN:22,(anonymous_7)
FN:23,(anonymous_8)
FN:25,(anonymous_9)
FN:25,(anonymous_10)
FN:25,(anonymous_11)
FN:27,(anonymous_12)
FN:27,(anonymous_13)
FN:29,(anonymous_14)
FN:32,(anonymous_15)
FN:34,(anonymous_16)
FN:34,(anonymous_17)
FN:36,(anonymous_18)
FN:37,(anonymous_19)
FN:39,(anonymous_20)
FN:39,(anonymous_21)
FN:39,(anonymous_22)
FN:43,(anonymous_23)
FN:43,(anonymous_24)
FN:45,(anonymous_25)
FN:49,(anonymous_26)
FN:50,(anonymous_27)
FN:53,(anonymous_28)
FN:53,(anonymous_29)
FNF:30
FNH:30
FNDA:1,(anonymous_0)
FNDA:1,(anonymous_1)
FNDA:1,(anonymous_2)
FNDA:1,(anonymous_3)
FNDA:1,(anonymous_4)
FNDA:1,(anonymous_5)
FNDA:1,(anonymous_6)
FNDA:1,(anonymous_7)
FNDA:1,(anonymous_8)
FNDA:1,(anonymous_9)
FNDA:1,(anonymous_10)
FNDA:1,(anonymous_11)
FNDA:2,(anonymous_12)
FNDA:2,(anonymous_13)
FNDA:1,(anonymous_14)
FNDA:1,(anonymous_15)
FNDA:2,(anonymous_16)
FNDA:2,(anonymous_17)
FNDA:1,(anonymous_18)
FNDA:1,(anonymous_19)
FNDA:1,(anonymous_20)
FNDA:1,(anonymous_21)
FNDA:1,(anonymous_22)
FNDA:2,(anonymous_23)
FNDA:2,(anonymous_24)
FNDA:2,(anonymous_25)
FNDA:1,(anonymous_26)
FNDA:1,(anonymous_27)
FNDA:1,(anonymous_28)
FNDA:1,(anonymous_29)
DA:15,3
DA:16,3
DA:17,3
DA:18,3
DA:19,3
DA:20,3
DA:21,3
DA:22,3
DA:23,3
DA:25,3
DA:27,3
DA:30,1
DA:32,1
DA:34,3
DA:36,1
DA:37,1
DA:39,3
DA:40,1
DA:43,3
DA:44,2
DA:45,2
DA:47,2
DA:49,1
DA:50,1
DA:53,3
LF:25
LH:25
BRF:0
BRH:0
end_of_record
TN:
SF:/Users/andeladeveloper/projects/grocery-store/web/src/components/container/GroceryItem.jsx
FN:5,(anonymous_0)
FN:17,(anonymous_1)
FN:18,(anonymous_2)
FN:27,(anonymous_3)
FN:28,(anonymous_4)
FN:37,(anonymous_5)
FN:38,(anonymous_6)
FNF:7
FNH:7
FNDA:2,(anonymous_0)
FNDA:1,(anonymous_1)
FNDA:1,(anonymous_2)
FNDA:1,(anonymous_3)
FNDA:1,(anonymous_4)
FNDA:1,(anonymous_5)
FNDA:1,(anonymous_6)
DA:5,4
DA:8,2
DA:17,1
DA:18,1
DA:27,1
DA:28,1
DA:37,1
DA:38,1
DA:49,4
LF:9
LH:9
BRDA:43,0,0,0
BRDA:43,0,1,2
BRF:2
BRH:1
end_of_record
TN:
SF:/Users/andeladeveloper/projects/grocery-store/web/src/components/container/GroceryItems.jsx
FN:5,(anonymous_0)
FN:10,(anonymous_1)
FNF:2
FNH:2
FNDA:1,(anonymous_0)
FNDA:1,(anonymous_1)
DA:5,3
DA:8,1
DA:11,1
DA:23,3
LF:4
LH:4
BRF:0
BRH:0
end_of_record
TN:
SF:/Users/andeladeveloper/projects/grocery-store/web/src/components/container/NavigationBar.jsx
FN:4,(anonymous_0)
FNF:1
FNH:1
FNDA:1,(anonymous_0)
DA:5,1
LF:1
LH:1
BRF:0
BRH:0
end_of_record
TN:
SF:/Users/andeladeveloper/projects/grocery-store/web/src/components/container/TransactionSummary.jsx
FN:3,(anonymous_0)
FN:7,(anonymous_1)
FNF:2
FNH:2
FNDA:1,(anonymous_0)
FNDA:1,(anonymous_1)
DA:3,3
DA:4,1
DA:5,1
DA:7,1
DA:8,1
DA:9,1
DA:10,1
DA:14,1
DA:30,3
LF:9
LH:9
BRDA:8,0,0,1
BRDA:8,0,1,0
BRDA:17,1,0,1
BRDA:17,1,1,0
BRF:4
BRH:2
end_of_record
TN:
SF:/Users/andeladeveloper/projects/grocery-store/web/src/components/pages/Groceries.jsx
FN:27,(anonymous_0)
FN:32,(anonymous_1)
FN:40,(anonymous_2)
FN:44,(anonymous_3)
FN:46,(anonymous_4)
FN:51,(anonymous_5)
FN:56,(anonymous_6)
FN:64,(anonymous_7)
FN:68,(anonymous_8)
FN:72,(anonymous_9)
FN:77,(anonymous_10)
FN:110,(anonymous_11)
FNF:12
FNH:10
FNDA:1,(anonymous_0)
FNDA:4,(anonymous_1)
FNDA:0,(anonymous_2)
FNDA:2,(anonymous_3)
FNDA:2,(anonymous_4)
FNDA:1,(anonymous_5)
FNDA:2,(anonymous_6)
FNDA:1,(anonymous_7)
FNDA:1,(anonymous_8)
FNDA:1,(anonymous_9)
FNDA:5,(anonymous_10)
FNDA:0,(anonymous_11)
DA:28,1
DA:29,1
DA:33,4
DA:35,4
DA:36,0
DA:39,4
DA:40,0
DA:45,2
DA:46,2
DA:52,1
DA:53,1
DA:57,2
DA:58,2
DA:59,2
DA:61,2
DA:65,1
DA:69,1
DA:73,1
DA:74,1
DA:78,5
DA:79,5
DA:81,5
DA:110,2
LF:23
LH:21
BRDA:35,0,0,0
BRDA:35,0,1,4
BRDA:39,1,0,0
BRDA:39,1,1,4
BRDA:61,2,0,1
BRDA:61,2,1,1
BRDA:86,3,0,5
BRDA:86,3,1,0
BRDA:88,4,0,5
BRDA:88,4,1,0
BRF:10
BRH:6
end_of_record
TN:
SF:/Users/andeladeveloper/projects/grocery-store/web/src/reducers/grocery.js
FN:13,(anonymous_0)
FN:13,(anonymous_1)
FN:15,(anonymous_2)
FN:21,(anonymous_3)
FN:32,(anonymous_4)
FN:40,(anonymous_5)
FNF:6
FNH:6
FNDA:2,(anonymous_0)
FNDA:2,(anonymous_1)
FNDA:1,(anonymous_2)
FNDA:1,(anonymous_3)
FNDA:8,(anonymous_4)
FNDA:1,(anonymous_5)
DA:13,2
DA:15,1
DA:16,1
DA:17,1
DA:18,1
DA:21,1
DA:22,1
DA:24,1
DA:25,1
DA:27,1
DA:28,1
DA:29,1
DA:33,8
DA:34,8
DA:36,8
DA:38,1
DA:40,1
DA:42,1
DA:44,1
DA:46,1
DA:50,1
DA:52,1
DA:54,1
LF:23
LH:23
BRDA:32,0,0,1
BRDA:36,1,0,1
BRDA:36,1,1,1
BRDA:36,1,2,1
BRDA:36,1,3,1
BRDA:36,1,4,1
BRDA:36,1,5,0
BRDA:36,1,6,0
BRDA:36,1,7,1
BRDA:36,1,8,1
BRDA:36,1,9,1
BRF:11
BRH:9
end_of_record
